<?xml version="1.0" encoding="UTF-8"?>
<testng-results skipped="0" failed="0" ignored="0" total="2" passed="2">
  <reporter-output>
  </reporter-output>
  <suite name="Suite" duration-ms="26316" started-at="2019-09-10T07:28:24Z" finished-at="2019-09-10T07:28:50Z">
    <groups>
    </groups>
    <test name="Test" duration-ms="26316" started-at="2019-09-10T07:28:24Z" finished-at="2019-09-10T07:28:50Z">
      <class name="testcases.Testcaselogin">
        <test-method status="PASS" signature="launchBrowser()[pri:0, instance:testcases.Testcaselogin@1d057a39]" name="launchBrowser" is-config="true" duration-ms="8710" started-at="2019-09-10T07:28:24Z" finished-at="2019-09-10T07:28:32Z">
          <reporter-output>
          </reporter-output>
        </test-method> <!-- launchBrowser -->
        <test-method status="PASS" signature="verifyleaveconfigureholidays()[pri:0, instance:testcases.Testcaselogin@1d057a39]" name="verifyleaveconfigureholidays" duration-ms="5307" started-at="2019-09-10T07:28:32Z" finished-at="2019-09-10T07:28:38Z">
          <reporter-output>
          </reporter-output>
        </test-method> <!-- verifyleaveconfigureholidays -->
        <test-method status="PASS" signature="launchBrowser()[pri:0, instance:testcases.Testcaselogin@1d057a39]" name="launchBrowser" is-config="true" duration-ms="6785" started-at="2019-09-10T07:28:38Z" finished-at="2019-09-10T07:28:45Z">
          <reporter-output>
          </reporter-output>
        </test-method> <!-- launchBrowser -->
        <test-method status="PASS" signature="verifyrecruitmentpage()[pri:0, instance:testcases.Testcaselogin@1d057a39]" name="verifyrecruitmentpage" duration-ms="4781" started-at="2019-09-10T07:28:45Z" finished-at="2019-09-10T07:28:50Z">
          <reporter-output>
          </reporter-output>
        </test-method> <!-- verifyrecruitmentpage -->
      </class> <!-- testcases.Testcaselogin -->
    </test> <!-- Test -->
  </suite> <!-- Suite -->
</testng-results>
